<?xml version="1.0" encoding="UTF-8"?>
<testsuite name="test.java.databasePack.NetworkTest" tests="4" skipped="0" failures="0" errors="0" timestamp="2018-01-18T14:55:59" hostname="Adiel-Matuf" time="0.006">
  <properties/>
  <testcase name="testNetworkNetwork" classname="test.java.databasePack.NetworkTest" time="0.001"/>
  <testcase name="testEqualsObject" classname="test.java.databasePack.NetworkTest" time="0.001"/>
  <testcase name="testNetworkStringStringIntIntStringStringDoubleDoubleDouble" classname="test.java.databasePack.NetworkTest" time="0.0"/>
  <testcase name="testNetworkStringDoubleDoubleDouble" classname="test.java.databasePack.NetworkTest" time="0.001"/>
  <system-out><![CDATA[]]></system-out>
  <system-err><![CDATA[]]></system-err>
</testsuite>
