<?xml version="1.0" encoding="UTF-8"?>
<testsuite name="test.java.writePack.WriteCsvTest" tests="1" skipped="0" failures="0" errors="0" timestamp="2018-01-18T14:55:59" hostname="Adiel-Matuf" time="0.003">
  <properties/>
  <testcase name="testWriteCsvListOfListOfNetwork" classname="test.java.writePack.WriteCsvTest" time="0.003"/>
  <system-out><![CDATA[]]></system-out>
  <system-err><![CDATA[]]></system-err>
</testsuite>
