<?xml version="1.0" encoding="UTF-8"?>
<testsuite name="test.java.filtersPack.FilterAllTest" tests="2" skipped="0" failures="0" errors="0" timestamp="2018-01-18T15:20:42" hostname="Adiel-Matuf" time="0.007">
  <properties/>
  <testcase name="testFilterNOT" classname="test.java.filtersPack.FilterAllTest" time="0.006"/>
  <testcase name="testFilter" classname="test.java.filtersPack.FilterAllTest" time="0.001"/>
  <system-out><![CDATA[]]></system-out>
  <system-err><![CDATA[]]></system-err>
</testsuite>
